<?xml version='1.0' ?>
<!--
Copyright 2004 The Apache Software Foundation

Licensed under the Apache License, Version 2.0 (the "License");
you may not use this file except in compliance with the License.
You may obtain a copy of the License at

    http://www.apache.org/licenses/LICENSE-2.0

Unless required by applicable law or agreed to in writing, software
distributed under the License is distributed on an "AS IS" BASIS,
WITHOUT WARRANTIES OR CONDITIONS OF ANY KIND, either express or implied.
See the License for the specific language governing permissions and
limitations under the License.
-->
<ruleset id='test-set-101'>
<rule id='merge' use-base='true' suffix='/web' popup='0' ignore-prefixes='javascript:,mailto:,#'/>
<tag id='form'>
    <attribute id='action' rule='merge'/>
</tag>
<tag id='input'>
    <attribute id='source' rule='test'/>
</tag>
<tag id='link'>
    <attribute id='href' rule='merge'/>
</tag>
<tag id='head' remove='true'/>
<rule id='test' use-base='false' suffix='/whatever&amp;xxx=1' popup='1'/>
</ruleset>
