<?xml version="1.0" encoding="UTF-8"?>
<!DOCTYPE beans PUBLIC "-//SPRING//DTD BEAN//EN" "http://www.springframework.org/dtd/spring-beans.dtd">
<beans>		

  <!-- datasource bean -->
  <bean id="JetspeedDS" class="org.apache.commons.dbcp.BasicDataSource" destroy-method="close">
    <property name="driverClassName">
      <value>${org.apache.jetspeed.database.driver}</value>
    </property>
    <property name="url">
      <value>${org.apache.jetspeed.database.url}</value>
    </property>
    <property name="username">
      <value>${org.apache.jetspeed.database.user}</value>
    </property>
    <property name="password">
      <value>${org.apache.jetspeed.database.password}</value>
    </property>
  </bean>      
     
  <!-- OJB configurer -->
  <bean id="ojbConfigurer" class="org.springframework.orm.ojb.support.LocalOjbConfigurer"/>    	

  <!-- properties configurer used to pick up system properties -->
  <bean id="propertiesConfigurer" class="org.springframework.beans.factory.config.PropertyPlaceholderConfigurer"/>

</beans>
