<?xml version="1.0" encoding="UTF-8"?>
<!--
Licensed to the Apache Software Foundation (ASF) under one or more
contributor license agreements.  See the NOTICE file distributed with
this work for additional information regarding copyright ownership.
The ASF licenses this file to You under the Apache License, Version 2.0
(the "License"); you may not use this file except in compliance with
the License.  You may obtain a copy of the License at

    http://www.apache.org/licenses/LICENSE-2.0

Unless required by applicable law or agreed to in writing, software
distributed under the License is distributed on an "AS IS" BASIS,
WITHOUT WARRANTIES OR CONDITIONS OF ANY KIND, either express or implied.
See the License for the specific language governing permissions and
limitations under the License.
-->
<beans xmlns="http://www.springframework.org/schema/beans"
    xmlns:xsi="http://www.w3.org/2001/XMLSchema-instance"
    xsi:schemaLocation="http://www.springframework.org/schema/beans http://www.springframework.org/schema/beans/spring-beans-2.5.xsd">
    
  <!-- Portal Site Test Spring Configuration-->
  
  <!-- IDGenerator -->
  <bean id="IdGenerator" 
  	   class="org.apache.jetspeed.idgenerator.JetspeedIdGenerator" init-method="start" destroy-method="stop" >
  	   <!-- ID Start value -->
  	   <constructor-arg index="0"><value>65536</value></constructor-arg>
  	   <!-- ID Prefix -->
  	   <constructor-arg index="1"><value>P-</value></constructor-arg>
  	   <!-- ID Suffix -->
  	   <constructor-arg index="2"><value></value></constructor-arg>
  </bean>
  
  <!-- PageFileCache -->
  <bean id="PageFileCache" 
  	   class="org.apache.jetspeed.cache.file.FileCache" 
  	   init-method="startFileScanner"
  	   destroy-method="stopFileScanner">
  	   <!-- Scan rate for changes in cached files on the file system -->
  	   <constructor-arg index="0"><value>10</value></constructor-arg>
  	   <!-- Cache size -->
  	   <constructor-arg index="1"><value>100</value></constructor-arg>  	   
  </bean>
    
  <!-- DocumentHandlerFactory -->
  <bean id="PsmlDocumentHandler"
       class="org.apache.jetspeed.page.document.psml.CastorFileSystemDocumentHandler" >         
       <constructor-arg index="0"><ref bean="IdGenerator"/></constructor-arg>
       <constructor-arg index="1"><value>/JETSPEED-INF/castor/page-mapping.xml</value></constructor-arg>
       <constructor-arg index="2"><value>.psml</value></constructor-arg>
       <constructor-arg index="3" ><value>org.apache.jetspeed.om.page.psml.PageImpl</value></constructor-arg>       
       <constructor-arg index="4" ><value>${applicationRoot}/WEB-INF/pages</value></constructor-arg>
       <constructor-arg index="5" ><ref bean="PageFileCache"/></constructor-arg>
  </bean>
  
  <bean id="TpsmlDocumentHandler"
       class="org.apache.jetspeed.page.document.psml.CastorFileSystemDocumentHandler" >         
       <constructor-arg index="0"><ref bean="IdGenerator"/></constructor-arg>
       <constructor-arg index="1"><value>/JETSPEED-INF/castor/page-mapping.xml</value></constructor-arg>
       <constructor-arg index="2"><value>.tpsml</value></constructor-arg>
       <constructor-arg index="3" ><value>org.apache.jetspeed.om.page.psml.PageTemplateImpl</value></constructor-arg>       
       <constructor-arg index="4" ><value>${applicationRoot}/WEB-INF/pages</value></constructor-arg>
       <constructor-arg index="5" ><ref bean="PageFileCache"/></constructor-arg>
  </bean>
  
  <bean id="DpsmlDocumentHandler"
       class="org.apache.jetspeed.page.document.psml.CastorFileSystemDocumentHandler" >         
       <constructor-arg index="0"><ref bean="IdGenerator"/></constructor-arg>
       <constructor-arg index="1"><value>/JETSPEED-INF/castor/page-mapping.xml</value></constructor-arg>
       <constructor-arg index="2"><value>.dpsml</value></constructor-arg>
       <constructor-arg index="3" ><value>org.apache.jetspeed.om.page.psml.DynamicPageImpl</value></constructor-arg>       
       <constructor-arg index="4" ><value>${applicationRoot}/WEB-INF/pages</value></constructor-arg>
       <constructor-arg index="5" ><ref bean="PageFileCache"/></constructor-arg>
  </bean>
  
  <bean id="FpsmlDocumentHandler"
       class="org.apache.jetspeed.page.document.psml.CastorFileSystemDocumentHandler" >         
       <constructor-arg index="0"><ref bean="IdGenerator"/></constructor-arg>
       <constructor-arg index="1"><value>/JETSPEED-INF/castor/page-mapping.xml</value></constructor-arg>
       <constructor-arg index="2"><value>.fpsml</value></constructor-arg>
       <constructor-arg index="3" ><value>org.apache.jetspeed.om.page.psml.FragmentDefinitionImpl</value></constructor-arg>       
       <constructor-arg index="4" ><value>${applicationRoot}/WEB-INF/pages</value></constructor-arg>
       <constructor-arg index="5" ><ref bean="PageFileCache"/></constructor-arg>
  </bean>
  
  <bean id="LinkDocumentHandler"       
       class="org.apache.jetspeed.page.document.psml.CastorFileSystemDocumentHandler" >         
       <constructor-arg index="0"><ref bean="IdGenerator"/></constructor-arg>
       <constructor-arg index="1"><value>/JETSPEED-INF/castor/page-mapping.xml</value></constructor-arg>
       <constructor-arg index="2"><value>.link</value></constructor-arg>
       <constructor-arg index="3" ><value>org.apache.jetspeed.om.page.psml.LinkImpl</value></constructor-arg>       
       <constructor-arg index="4" ><value>${applicationRoot}/WEB-INF/pages</value></constructor-arg>
       <constructor-arg index="5" ><ref bean="PageFileCache"/></constructor-arg>
  </bean>
  
  <bean id="FolderMetaDataDocumentHandler"         
       class="org.apache.jetspeed.page.document.psml.CastorFileSystemDocumentHandler" >         
       <constructor-arg index="0"><ref bean="IdGenerator"/></constructor-arg>
       <constructor-arg index="1"><value>/JETSPEED-INF/castor/page-mapping.xml</value></constructor-arg>
       <constructor-arg index="2"><value>folder.metadata</value></constructor-arg>
       <constructor-arg index="3" ><value>org.apache.jetspeed.om.folder.psml.FolderMetaDataImpl</value></constructor-arg>       
       <constructor-arg index="4" ><value>${applicationRoot}/WEB-INF/pages</value></constructor-arg>
       <constructor-arg index="5" ><ref bean="PageFileCache"/></constructor-arg>
  </bean>
  
  <bean id="PageSecurityDocumentHandler"       
       class="org.apache.jetspeed.page.document.psml.CastorFileSystemDocumentHandler" >         
       <constructor-arg index="0"><ref bean="IdGenerator"/></constructor-arg>
       <constructor-arg index="1"><value>/JETSPEED-INF/castor/page-mapping.xml</value></constructor-arg>
       <constructor-arg index="2"><value>page.security</value></constructor-arg>
       <constructor-arg index="3" ><value>org.apache.jetspeed.om.page.psml.PageSecurityImpl</value></constructor-arg>       
       <constructor-arg index="4" ><value>${applicationRoot}/WEB-INF/pages</value></constructor-arg>
       <constructor-arg index="5" ><ref bean="PageFileCache"/></constructor-arg>
  </bean>
  
  <bean id="DocumentHandlerFactory"        
       class="org.apache.jetspeed.page.document.psml.DocumentHandlerFactoryImpl" >      
        <constructor-arg>
        <map>
          <entry key=".psml">
            <ref bean="PsmlDocumentHandler" />
          </entry>
          <entry key=".tpsml">
            <ref bean="TpsmlDocumentHandler" />
          </entry>
          <entry key=".dpsml">
            <ref bean="DpsmlDocumentHandler" />
          </entry>
          <entry key=".fpsml">
            <ref bean="FpsmlDocumentHandler" />
          </entry>
          <entry key=".link">
            <ref bean="LinkDocumentHandler" />
          </entry>  
          <entry key="folder.metadata">
            <ref bean="FolderMetaDataDocumentHandler" />
          </entry>        
          <entry key="page.security">
            <ref bean="PageSecurityDocumentHandler" />
          </entry>        
        </map>
       </constructor-arg>
  </bean>
  
  <!-- FolderHandler -->
  <bean id="FolderHandler"         
       class="org.apache.jetspeed.page.document.psml.FileSystemFolderHandler" >         
       <constructor-arg index="0"><ref bean="IdGenerator"/></constructor-arg>
       <constructor-arg index="1"><value>${applicationRoot}/WEB-INF/pages</value></constructor-arg>
       <constructor-arg index="2"><ref bean="DocumentHandlerFactory"/></constructor-arg>
       <constructor-arg index="3"><ref bean="PageFileCache"/></constructor-arg>        
  </bean>

  <!-- PageManager -->
  <bean id="org.apache.jetspeed.page.PageManager" 
       name="pageManager"
       class="org.apache.jetspeed.page.psml.CastorXmlPageManager">         
       <constructor-arg index="0"><ref bean="IdGenerator"/></constructor-arg>
       <constructor-arg index="1"><ref bean="DocumentHandlerFactory"/></constructor-arg>
       <constructor-arg index="2"><ref bean="FolderHandler"/></constructor-arg>
       <constructor-arg index="3"><ref bean="PageFileCache"/></constructor-arg>        
       <!-- permissions security enabled flag, default=false -->
       <constructor-arg index="4"><value>false</value></constructor-arg>
       <!-- constraints security enabled flag, default=true -->
       <constructor-arg index="5"><value>false</value></constructor-arg>
  </bean>
    
  <!-- PortalSite -->
  <bean id="org.apache.jetspeed.portalsite.PortalSiteContentTypeMapper" 
       name="portalSiteContentTypeMapper"
       class="org.apache.jetspeed.portalsite.impl.PortalSiteContentTypeMapperImpl">         
       <constructor-arg index="0">
           <list>
               <bean class="org.apache.jetspeed.portalsite.impl.ContentTypeMapping">
                   <constructor-arg index="0"><value>\w[.](\w+)&#36;</value></constructor-arg> <!-- use &#36; for '$' -->
                   <constructor-arg index="1"><value>&#36;1-type</value></constructor-arg> <!-- use &#36; for '$' -->
               </bean>
           </list>
       </constructor-arg>
       <constructor-arg index="1">
           <list>
               <bean class="org.apache.jetspeed.portalsite.impl.RequestPathMapping">
                   <constructor-arg index="0"><value>/preview/</value></constructor-arg>
                   <constructor-arg index="1"><value>/</value></constructor-arg>
               </bean>
               <bean class="org.apache.jetspeed.portalsite.impl.RequestPathMapping">
                   <constructor-arg index="0"><value>.domain.com</value></constructor-arg>
                   <constructor-arg index="1"><value>doc-type</value></constructor-arg>
                   <constructor-arg index="2"><value>/(?:draft|scratch)/</value></constructor-arg>
                   <constructor-arg index="3"><value>/pub/</value></constructor-arg>
               </bean>
           </list>
       </constructor-arg>
  </bean>
  <bean id="org.apache.jetspeed.portalsite.PortalSite" 
       name="portalSite"
       class="org.apache.jetspeed.portalsite.impl.PortalSiteImpl">         
       <constructor-arg index="0"><ref bean="pageManager"/></constructor-arg>
       <constructor-arg index="1"><ref bean="portalSiteContentTypeMapper"/></constructor-arg>
  </bean>
    
</beans>
