<?xml version="1.0" encoding="UTF-8"?>
<!--
    Licensed to the Apache Software Foundation (ASF) under one or more
    contributor license agreements.  See the NOTICE file distributed with
    this work for additional information regarding copyright ownership.
    The ASF licenses this file to You under the Apache License, Version 2.0
    (the "License"); you may not use this file except in compliance with
    the License.  You may obtain a copy of the License at
    
    http://www.apache.org/licenses/LICENSE-2.0
    
    Unless required by applicable law or agreed to in writing, software
    distributed under the License is distributed on an "AS IS" BASIS,
    WITHOUT WARRANTIES OR CONDITIONS OF ANY KIND, either express or implied.
    See the License for the specific language governing permissions and
    limitations under the License.
-->
<beans xmlns="http://www.springframework.org/schema/beans"
    xmlns:xsi="http://www.w3.org/2001/XMLSchema-instance"
    xsi:schemaLocation="http://www.springframework.org/schema/beans http://www.springframework.org/schema/beans/spring-beans-2.5.xsd">
    
    <!-- AJAX Actions 
        
        == Constructor Arguments ==
        index 0 = render response VM template, generates XML NORMAL response
        index 1 = render response VM template, generates XML ERROR response
        index 1 = action name from AJAX Request
        
    -->
    
    <!--bean id="PortletActionSecurityBehavior"
        class="org.apache.jetspeed.layout.impl.PortletActionSecurityPathBehavior">
        <constructor-arg index='0'>
        <ref bean="org.apache.jetspeed.page.PageManager"/>        
        </constructor-arg>    	
        </bean-->
    
    <bean id="mockPortletRegistry" class="org.apache.jetspeed.layout.MockPortletRegistryFactory" factory-method="createMockPortletRegistry"/>
    
    <bean id="AjaxMovePortletAbsolute"
        class="org.apache.jetspeed.layout.impl.MovePortletAction">
        <constructor-arg index="0">
            <value>org/apache/jetspeed/layout/ajax-xml/move.vm</value>
        </constructor-arg>
        <constructor-arg index="1">
            <value>org/apache/jetspeed/layout/ajax-xml/error.vm</value>
        </constructor-arg>
        <constructor-arg index="2">
            <ref bean="mockPortletRegistry"/>
        </constructor-arg>
        <constructor-arg index="3">
            <value>moveabs</value>
        </constructor-arg>
        <!--constructor-arg index='3'>
            <ref bean="org.apache.jetspeed.page.PageManager"/>        
            </constructor-arg>    
            <constructor-arg index='4'>
            <ref bean="PortletActionSecurityBehavior"/>        
            </constructor-arg-->   
    </bean>
    
    <bean id="AjaxMovePortletLeft"
        class="org.apache.jetspeed.layout.impl.MovePortletAction">
        <constructor-arg index="0">
            <value>org/apache/jetspeed/layout/ajax-xml/move.vm</value>
        </constructor-arg>
        <constructor-arg index="1">
            <value>org/apache/jetspeed/layout/ajax-xml/error.vm</value>
        </constructor-arg>
        <constructor-arg index="2">
            <ref bean="mockPortletRegistry"/>
        </constructor-arg>
        <constructor-arg index="3">
            <value>moveleft</value>
        </constructor-arg>
        <!-- constructor-arg index='3'>
            <ref bean="org.apache.jetspeed.page.PageManager"/>        
            </constructor-arg>        
            <constructor-arg index='4'>
            <ref bean="PortletActionSecurityBehavior"/>        
            </constructor-arg-->  
    </bean>
    
    <bean id="AjaxMovePortletRight"
        class="org.apache.jetspeed.layout.impl.MovePortletAction">
        <constructor-arg index="0">
            <value>org/apache/jetspeed/layout/ajax-xml/move.vm</value>
        </constructor-arg>
        <constructor-arg index="1">
            <value>org/apache/jetspeed/layout/ajax-xml/error.vm</value>
        </constructor-arg>
        <constructor-arg index="2">
            <ref bean="mockPortletRegistry"/>
        </constructor-arg>
        <constructor-arg index="3">
            <value>moveright</value>
        </constructor-arg>
        <!-- constructor-arg index='3'>
            <ref bean="org.apache.jetspeed.page.PageManager"/>        
            </constructor-arg>      
            <constructor-arg index='4'>
            <ref bean="PortletActionSecurityBehavior"/>        
            </constructor-arg-->  
    </bean>
    
    <bean id="AjaxMovePortletUp"
        class="org.apache.jetspeed.layout.impl.MovePortletAction">
        <constructor-arg index="0">
            <value>org/apache/jetspeed/layout/ajax-xml/move.vm</value>
        </constructor-arg>
        <constructor-arg index="1">
            <value>org/apache/jetspeed/layout/ajax-xml/error.vm</value>
        </constructor-arg>
        <constructor-arg index="2">
            <ref bean="mockPortletRegistry"/>
        </constructor-arg>
        <constructor-arg index="3">
            <value>moveup</value>
        </constructor-arg>
        <!-- constructor-arg index='3'>
            <ref bean="org.apache.jetspeed.page.PageManager"/>        
            </constructor-arg>      
            <constructor-arg index='4'>
            <ref bean="PortletActionSecurityBehavior"/>        
            </constructor-arg-->  
    </bean>
    
    <bean id="AjaxMovePortletDown"
        class="org.apache.jetspeed.layout.impl.MovePortletAction">
        <constructor-arg index="0">
            <value>org/apache/jetspeed/layout/ajax-xml/move.vm</value>
        </constructor-arg>
        <constructor-arg index="1">
            <value>org/apache/jetspeed/layout/ajax-xml/error.vm</value>
        </constructor-arg>
        <constructor-arg index="2">
            <ref bean="mockPortletRegistry"/>
        </constructor-arg>
        <constructor-arg index="3">
            <value>movedown</value>
        </constructor-arg>
        <!-- constructor-arg index='3'>
            <ref bean="org.apache.jetspeed.page.PageManager"/>        
            </constructor-arg>      
            <constructor-arg index='4'>
            <ref bean="PortletActionSecurityBehavior"/>        
            </constructor-arg-->    
    </bean>
    
    <bean id="AjaxAddPortlet"
        class="org.apache.jetspeed.layout.impl.AddPortletAction">
        <constructor-arg index="0">
            <value>org/apache/jetspeed/layout/ajax-xml/add.vm</value>
        </constructor-arg>
        <constructor-arg index="1">
            <value>org/apache/jetspeed/layout/ajax-xml/error.vm</value>
        </constructor-arg>
        <constructor-arg index="2">
            <ref bean="mockPortletRegistry"/>
        </constructor-arg>
        <constructor-arg index='3'>
            <ref bean="AjaxGetPortlets"/>        
        </constructor-arg>     	        
        <!-- constructor-arg index='2'>
            <ref bean="org.apache.jetspeed.page.PageManager"/>        
            </constructor-arg>      
            <constructor-arg index='3'>
            <ref bean="PortletActionSecurityBehavior"/>        
            </constructor-arg-->    
    </bean>
    
    <bean id="AjaxRemovePortlet"
        class="org.apache.jetspeed.layout.impl.RemovePortletAction">
        <constructor-arg index="0">
            <value>org/apache/jetspeed/layout/ajax-xml/remove.vm</value>
        </constructor-arg>
        <constructor-arg index="1">
            <value>org/apache/jetspeed/layout/ajax-xml/error.vm</value>
        </constructor-arg>
        <constructor-arg index="2">
            <ref bean="mockPortletRegistry"/>
        </constructor-arg>
        <!-- constructor-arg index='2'>
            <ref bean="org.apache.jetspeed.page.PageManager"/>        
            </constructor-arg>        
            <constructor-arg index='3'>
            <ref bean="PortletActionSecurityBehavior"/>        
            </constructor-arg-->   
    </bean>
    
    
    <bean id="AjaxRequestService" class="org.apache.jetspeed.ajax.AjaxRequestServiceImpl">
        <constructor-arg index="0">
            <map>
                <entry key="moveabs">
                    <ref bean="AjaxMovePortletAbsolute"/>
                </entry>
                <entry key="moveleft">
                    <ref bean="AjaxMovePortletLeft"/>
                </entry>
                <entry key="moveright">
                    <ref bean="AjaxMovePortletRight"/>
                </entry>
                <entry key="moveup">
                    <ref bean="AjaxMovePortletUp"/>
                </entry>
                <entry key="movedown">
                    <ref bean="AjaxMovePortletDown"/>
                </entry>
                <entry key="add">
                    <ref bean="AjaxAddPortlet"/>
                </entry>
                <entry key="remove">
                    <ref bean="AjaxRemovePortlet"/>
                </entry>
            </map>
        </constructor-arg>
        <constructor-arg index="1">
            <ref bean="AjaxVelocityEngine"/>
        </constructor-arg>
    </bean>
    
    <bean id="AjaxVelocityEngine" class="org.springframework.ui.velocity.VelocityEngineFactoryBean">
        <property name="velocityProperties">
            <props>
                <prop key="resource.loader">class</prop>
                <prop key="class.resource.loader.class">
                    org.apache.velocity.runtime.resource.loader.ClasspathResourceLoader
                </prop>
            </props>
        </property>
    </bean>
    
    <bean id="layoutValve"
        class="org.apache.jetspeed.layout.impl.LayoutValve"
        init-method="initialize">
        <constructor-arg index="0">
            <ref bean="AjaxRequestService"/>
        </constructor-arg>
    </bean>
    
    <bean id="AjaxGetPortlets"
        class="org.apache.jetspeed.layout.impl.GetPortletsAction">
        <constructor-arg index="0">
            <value>org/apache/jetspeed/layout/ajax-xml/getportlets.vm</value>
        </constructor-arg>
        <constructor-arg index="1">
            <value>org/apache/jetspeed/layout/ajax-xml/error.vm</value>
        </constructor-arg>
    </bean>
    
</beans>