<?xml version="1.0"?>
<!DOCTYPE database SYSTEM "http://db.apache.org/torque/dtd/database_3_1.dtd">

<database>
    <!--
       Tables for Testing persistence
    -->
    <table name="A">
        <column name="ID" primaryKey="true" required="true" type="INTEGER"/>
        <column name="NAME" required="true" size="80" type="VARCHAR"/>
    </table>
    
    <table name="B">
        <column name="ID" primaryKey="true" required="true" type="INTEGER"/>
        <column name="A_ID" required="true" type="INTEGER"/>
        <column name="NAME" required="true" size="80" type="VARCHAR"/>
    </table>    
</database>
